<?xml version="1.0" encoding="UTF-8"?>
<!-- Generated by org.testng.reporters.JUnitXMLReporter -->
<testsuite ignored="0" hostname="DESKTOP-81JNK5C" failures="0" tests="16" name="Testchrome" time="92.978" errors="0" timestamp="2025-03-10T19:19:45 IST">
  <testcase classname="testCases.TC001_PositiveLoginTest" name="logoutbtncheck" time="0.074"/>
  <testcase classname="testCases.TC001_PositiveLoginTest" name="verifycongratulationmsg" time="0.039"/>
  <testcase classname="testCases.TC001_PositiveLoginTest" name="verifyurl" time="0.014"/>
  <testcase classname="testCases.TC002_NegativeUserNameTest" name="negativeusername" time="4.804"/>
  <testcase classname="testCases.TC003_NegativePasswordTest" name="negativepassword" time="1.679"/>
  <testcase classname="testCases.TC004_NoSuchElementExceptionTest" name="verifyrow2input" time="6.212"/>
  <testcase classname="testCases.TC005_ElementNotInteractableExceptionTest" name="ElementNotInteractableExceptionTest" time="6.294"/>
  <testcase classname="testCases.TC006_InvalidElementStateExceptionTest" name="disabledinput" time="3.422"/>
  <testcase classname="testCases.TC007_StaleElementReferenceExceptionTest" name="verifyinstuctiondisremoved" time="6.103"/>
  <testcase classname="testCases.TC008_TimeoutExceptionTest" name="verifysecondinputDisplayed" time="6.15"/>
  <testcase classname="testCases.TC009_LoginDDTTest" name="dtdlogin" time="1.175"/>
  <testcase classname="testCases.TC009_LoginDDTTest" name="dtdlogin" time="1.433"/>
  <testcase classname="testCases.TC009_LoginDDTTest" name="dtdlogin" time="0.779"/>
  <testcase classname="testCases.TC009_LoginDDTTest" name="dtdlogin" time="0.818"/>
  <testcase classname="testCases.TC009_LoginDDTTest" name="dtdlogin" time="0.45"/>
  <testcase classname="testCases.TC009_LoginDDTTest" name="dtdlogin" time="0.547"/>
</testsuite> <!-- Testchrome -->
