<?xml version="1.0" encoding="UTF-8"?>
<!-- Generated by org.testng.reporters.JUnitXMLReporter -->
<testsuite ignored="0" hostname="DESKTOP-81JNK5C" failures="1" tests="1" name="Test" time="40.4" errors="0" timestamp="2025-03-13T09:24:56 IST">
  <testcase classname="testCases.TC012_BrokenLinksTest" name="isBrokenLinkExist" time="31.094">
    <failure type="java.lang.AssertionError" message="null">
      <![CDATA[java.lang.AssertionError: null
at testCases.TC012_BrokenLinksTest.isBrokenLinkExist(TC012_BrokenLinksTest.java:26)
at java.base/java.util.ArrayList.forEach(ArrayList.java:1597)
... Removed 27 stack frames]]>
    </failure>
  </testcase> <!-- isBrokenLinkExist -->
</testsuite> <!-- Test -->
