<?xml version="1.0" encoding="UTF-8"?>
<testng-results ignored="0" total="24" passed="21" failed="3" skipped="0">
  <reporter-output>
  </reporter-output>
  <suite started-at="2025-03-23T13:06:16 IST" name="Suite" finished-at="2025-03-23T13:12:25 IST" duration-ms="369205">
    <groups>
    </groups>
    <test started-at="2025-03-23T13:06:16 IST" name="Testchrome" finished-at="2025-03-23T13:12:25 IST" duration-ms="369205">
      <class name="testCases.TC001_PositiveLoginTest">
        <test-method is-config="true" signature="setup(java.lang.String,java.lang.String)[pri:0, instance:testCases.TC001_PositiveLoginTest@63fbfaeb]" started-at="2025-03-23T13:06:16 IST" name="setup" finished-at="2025-03-23T13:06:28 IST" duration-ms="11553" status="PASS">
          <params>
            <param index="0">
              <value>
                <![CDATA[window]]>
              </value>
            </param>
            <param index="1">
              <value>
                <![CDATA[chrome]]>
              </value>
            </param>
          </params>
          <reporter-output>
          </reporter-output>
        </test-method> <!-- setup -->
        <test-method is-config="true" signature="logintoapp()[pri:0, instance:testCases.TC001_PositiveLoginTest@63fbfaeb]" started-at="2025-03-23T13:06:28 IST" name="logintoapp" finished-at="2025-03-23T13:06:31 IST" duration-ms="2928" status="PASS">
          <reporter-output>
          </reporter-output>
        </test-method> <!-- logintoapp -->
        <test-method signature="logoutbtncheck()[pri:0, instance:testCases.TC001_PositiveLoginTest@63fbfaeb]" started-at="2025-03-23T13:06:31 IST" name="logoutbtncheck" finished-at="2025-03-23T13:06:31 IST" duration-ms="93" status="PASS">
          <reporter-output>
          </reporter-output>
        </test-method> <!-- logoutbtncheck -->
        <test-method signature="verifycongratulationmsg()[pri:0, instance:testCases.TC001_PositiveLoginTest@63fbfaeb]" started-at="2025-03-23T13:06:31 IST" name="verifycongratulationmsg" finished-at="2025-03-23T13:06:31 IST" duration-ms="36" status="PASS">
          <reporter-output>
          </reporter-output>
        </test-method> <!-- verifycongratulationmsg -->
        <test-method signature="verifyurl()[pri:0, instance:testCases.TC001_PositiveLoginTest@63fbfaeb]" started-at="2025-03-23T13:06:31 IST" name="verifyurl" finished-at="2025-03-23T13:06:31 IST" duration-ms="11" status="PASS">
          <reporter-output>
          </reporter-output>
        </test-method> <!-- verifyurl -->
        <test-method is-config="true" signature="treardown()[pri:0, instance:testCases.TC001_PositiveLoginTest@63fbfaeb]" started-at="2025-03-23T13:06:31 IST" name="treardown" finished-at="2025-03-23T13:06:31 IST" duration-ms="212" status="PASS">
          <reporter-output>
          </reporter-output>
        </test-method> <!-- treardown -->
      </class> <!-- testCases.TC001_PositiveLoginTest -->
      <class name="testCases.TC011_ContactFormDDTest">
        <test-method is-config="true" signature="setup(java.lang.String,java.lang.String)[pri:0, instance:testCases.TC011_ContactFormDDTest@41e68d87]" started-at="2025-03-23T13:08:25 IST" name="setup" finished-at="2025-03-23T13:08:31 IST" duration-ms="5309" status="PASS">
          <params>
            <param index="0">
              <value>
                <![CDATA[window]]>
              </value>
            </param>
            <param index="1">
              <value>
                <![CDATA[chrome]]>
              </value>
            </param>
          </params>
          <reporter-output>
          </reporter-output>
        </test-method> <!-- setup -->
        <test-method signature="contactform(java.lang.String,java.lang.String,java.lang.String,java.lang.String,java.lang.String)[pri:0, instance:testCases.TC011_ContactFormDDTest@41e68d87]" started-at="2025-03-23T13:08:31 IST" name="contactform" data-provider="Contactdata" finished-at="2025-03-23T13:08:59 IST" duration-ms="27667" status="PASS">
          <params>
            <param index="0">
              <value>
                <![CDATA[raj]]>
              </value>
            </param>
            <param index="1">
              <value>
                <![CDATA[patel]]>
              </value>
            </param>
            <param index="2">
              <value>
                <![CDATA[r@gmail.com]]>
              </value>
            </param>
            <param index="3">
              <value>
                <![CDATA[I am student]]>
              </value>
            </param>
            <param index="4">
              <value>
                <![CDATA[Valid]]>
              </value>
            </param>
          </params>
          <reporter-output>
          </reporter-output>
        </test-method> <!-- contactform -->
        <test-method signature="contactform(java.lang.String,java.lang.String,java.lang.String,java.lang.String,java.lang.String)[pri:0, instance:testCases.TC011_ContactFormDDTest@41e68d87]" started-at="2025-03-23T13:08:59 IST" name="contactform" data-provider="Contactdata" finished-at="2025-03-23T13:09:31 IST" duration-ms="32238" status="PASS">
          <params>
            <param index="0">
              <value>
                <![CDATA[]]>
              </value>
            </param>
            <param index="1">
              <value>
                <![CDATA[shah]]>
              </value>
            </param>
            <param index="2">
              <value>
                <![CDATA[s@gmail.com]]>
              </value>
            </param>
            <param index="3">
              <value>
                <![CDATA[I am student]]>
              </value>
            </param>
            <param index="4">
              <value>
                <![CDATA[Invalid]]>
              </value>
            </param>
          </params>
          <reporter-output>
          </reporter-output>
        </test-method> <!-- contactform -->
        <test-method signature="contactform(java.lang.String,java.lang.String,java.lang.String,java.lang.String,java.lang.String)[pri:0, instance:testCases.TC011_ContactFormDDTest@41e68d87]" started-at="2025-03-23T13:09:31 IST" name="contactform" data-provider="Contactdata" finished-at="2025-03-23T13:10:04 IST" duration-ms="32982" status="PASS">
          <params>
            <param index="0">
              <value>
                <![CDATA[jay]]>
              </value>
            </param>
            <param index="1">
              <value>
                <![CDATA[]]>
              </value>
            </param>
            <param index="2">
              <value>
                <![CDATA[j@gmail.com]]>
              </value>
            </param>
            <param index="3">
              <value>
                <![CDATA[I am teacher]]>
              </value>
            </param>
            <param index="4">
              <value>
                <![CDATA[Invalid]]>
              </value>
            </param>
          </params>
          <reporter-output>
          </reporter-output>
        </test-method> <!-- contactform -->
        <test-method signature="contactform(java.lang.String,java.lang.String,java.lang.String,java.lang.String,java.lang.String)[pri:0, instance:testCases.TC011_ContactFormDDTest@41e68d87]" started-at="2025-03-23T13:10:04 IST" name="contactform" data-provider="Contactdata" finished-at="2025-03-23T13:10:37 IST" duration-ms="33140" status="PASS">
          <params>
            <param index="0">
              <value>
                <![CDATA[kabie]]>
              </value>
            </param>
            <param index="1">
              <value>
                <![CDATA[Patel]]>
              </value>
            </param>
            <param index="2">
              <value>
                <![CDATA[]]>
              </value>
            </param>
            <param index="3">
              <value>
                <![CDATA[I am student]]>
              </value>
            </param>
            <param index="4">
              <value>
                <![CDATA[Invalid]]>
              </value>
            </param>
          </params>
          <reporter-output>
          </reporter-output>
        </test-method> <!-- contactform -->
        <test-method signature="contactform(java.lang.String,java.lang.String,java.lang.String,java.lang.String,java.lang.String)[pri:0, instance:testCases.TC011_ContactFormDDTest@41e68d87]" started-at="2025-03-23T13:10:37 IST" name="contactform" data-provider="Contactdata" finished-at="2025-03-23T13:11:10 IST" duration-ms="33078" status="PASS">
          <params>
            <param index="0">
              <value>
                <![CDATA[meera]]>
              </value>
            </param>
            <param index="1">
              <value>
                <![CDATA[Patel]]>
              </value>
            </param>
            <param index="2">
              <value>
                <![CDATA[m.com]]>
              </value>
            </param>
            <param index="3">
              <value>
                <![CDATA[I am teacher]]>
              </value>
            </param>
            <param index="4">
              <value>
                <![CDATA[Invalid]]>
              </value>
            </param>
          </params>
          <reporter-output>
          </reporter-output>
        </test-method> <!-- contactform -->
        <test-method signature="contactform(java.lang.String,java.lang.String,java.lang.String,java.lang.String,java.lang.String)[pri:0, instance:testCases.TC011_ContactFormDDTest@41e68d87]" started-at="2025-03-23T13:11:10 IST" name="contactform" data-provider="Contactdata" finished-at="2025-03-23T13:11:44 IST" duration-ms="33261" status="PASS">
          <params>
            <param index="0">
              <value>
                <![CDATA[brijesha]]>
              </value>
            </param>
            <param index="1">
              <value>
                <![CDATA[patel]]>
              </value>
            </param>
            <param index="2">
              <value>
                <![CDATA[b@gmail.com]]>
              </value>
            </param>
            <param index="3">
              <value>
                <![CDATA[]]>
              </value>
            </param>
            <param index="4">
              <value>
                <![CDATA[invalid]]>
              </value>
            </param>
          </params>
          <reporter-output>
          </reporter-output>
        </test-method> <!-- contactform -->
        <test-method is-config="true" signature="treardown()[pri:0, instance:testCases.TC011_ContactFormDDTest@41e68d87]" started-at="2025-03-23T13:11:44 IST" name="treardown" finished-at="2025-03-23T13:11:44 IST" duration-ms="398" status="PASS">
          <reporter-output>
          </reporter-output>
        </test-method> <!-- treardown -->
      </class> <!-- testCases.TC011_ContactFormDDTest -->
      <class name="testCases.TC012_BrokenLinksTest">
        <test-method is-config="true" signature="setup(java.lang.String,java.lang.String)[pri:0, instance:testCases.TC012_BrokenLinksTest@49ff7d8c]" started-at="2025-03-23T13:11:44 IST" name="setup" finished-at="2025-03-23T13:11:49 IST" duration-ms="5280" status="PASS">
          <params>
            <param index="0">
              <value>
                <![CDATA[window]]>
              </value>
            </param>
            <param index="1">
              <value>
                <![CDATA[chrome]]>
              </value>
            </param>
          </params>
          <reporter-output>
          </reporter-output>
        </test-method> <!-- setup -->
        <test-method signature="isBrokenLinkExist()[pri:0, instance:testCases.TC012_BrokenLinksTest@49ff7d8c]" started-at="2025-03-23T13:11:49 IST" name="isBrokenLinkExist" finished-at="2025-03-23T13:12:25 IST" duration-ms="35585" status="FAIL">
          <exception class="java.lang.AssertionError">
            <message>
              <![CDATA[null]]>
            </message>
            <full-stacktrace>
              <![CDATA[java.lang.AssertionError: null
at org.testng.Assert.fail(Assert.java:111)
at org.testng.Assert.fail(Assert.java:116)
at testCases.TC012_BrokenLinksTest.isBrokenLinkExist(TC012_BrokenLinksTest.java:26)
at java.base/jdk.internal.reflect.DirectMethodHandleAccessor.invoke(DirectMethodHandleAccessor.java:103)
at java.base/java.lang.reflect.Method.invoke(Method.java:580)
at org.testng.internal.invokers.MethodInvocationHelper.invokeMethod(MethodInvocationHelper.java:141)
at org.testng.internal.invokers.TestInvoker.invokeMethod(TestInvoker.java:686)
at org.testng.internal.invokers.TestInvoker.invokeTestMethod(TestInvoker.java:230)
at org.testng.internal.invokers.MethodRunner.runInSequence(MethodRunner.java:63)
at org.testng.internal.invokers.TestInvoker$MethodInvocationAgent.invoke(TestInvoker.java:992)
at org.testng.internal.invokers.TestInvoker.invokeTestMethods(TestInvoker.java:203)
at org.testng.internal.invokers.TestMethodWorker.invokeTestMethods(TestMethodWorker.java:154)
at org.testng.internal.invokers.TestMethodWorker.run(TestMethodWorker.java:134)
at java.base/java.util.ArrayList.forEach(ArrayList.java:1597)
at org.testng.TestRunner.privateRun(TestRunner.java:739)
at org.testng.TestRunner.run(TestRunner.java:614)
at org.testng.SuiteRunner.runTest(SuiteRunner.java:421)
at org.testng.SuiteRunner.runSequentially(SuiteRunner.java:413)
at org.testng.SuiteRunner.privateRun(SuiteRunner.java:373)
at org.testng.SuiteRunner.run(SuiteRunner.java:312)
at org.testng.SuiteRunnerWorker.runSuite(SuiteRunnerWorker.java:52)
at org.testng.SuiteRunnerWorker.run(SuiteRunnerWorker.java:95)
at org.testng.TestNG.runSuitesSequentially(TestNG.java:1274)
at org.testng.TestNG.runSuitesLocally(TestNG.java:1208)
at org.testng.TestNG.runSuites(TestNG.java:1112)
at org.testng.TestNG.run(TestNG.java:1079)
at org.apache.maven.surefire.testng.TestNGExecutor.run(TestNGExecutor.java:308)
at org.apache.maven.surefire.testng.TestNGXmlTestSuite.execute(TestNGXmlTestSuite.java:71)
at org.apache.maven.surefire.testng.TestNGProvider.invoke(TestNGProvider.java:113)
at org.apache.maven.surefire.booter.ForkedBooter.runSuitesInProcess(ForkedBooter.java:385)
at org.apache.maven.surefire.booter.ForkedBooter.execute(ForkedBooter.java:162)
at org.apache.maven.surefire.booter.ForkedBooter.run(ForkedBooter.java:507)
at org.apache.maven.surefire.booter.ForkedBooter.main(ForkedBooter.java:495)
]]>
            </full-stacktrace>
          </exception> <!-- java.lang.AssertionError -->
          <reporter-output>
          </reporter-output>
        </test-method> <!-- isBrokenLinkExist -->
        <test-method is-config="true" signature="treardown()[pri:0, instance:testCases.TC012_BrokenLinksTest@49ff7d8c]" started-at="2025-03-23T13:12:25 IST" name="treardown" finished-at="2025-03-23T13:12:25 IST" duration-ms="172" status="PASS">
          <reporter-output>
          </reporter-output>
        </test-method> <!-- treardown -->
      </class> <!-- testCases.TC012_BrokenLinksTest -->
      <class name="testCases.TC002_NegativeUserNameTest">
        <test-method is-config="true" signature="setup(java.lang.String,java.lang.String)[pri:0, instance:testCases.TC002_NegativeUserNameTest@34c01041]" started-at="2025-03-23T13:06:31 IST" name="setup" finished-at="2025-03-23T13:06:35 IST" duration-ms="3766" status="PASS">
          <params>
            <param index="0">
              <value>
                <![CDATA[window]]>
              </value>
            </param>
            <param index="1">
              <value>
                <![CDATA[chrome]]>
              </value>
            </param>
          </params>
          <reporter-output>
          </reporter-output>
        </test-method> <!-- setup -->
        <test-method signature="negativeusername()[pri:0, instance:testCases.TC002_NegativeUserNameTest@34c01041]" started-at="2025-03-23T13:06:35 IST" name="negativeusername" finished-at="2025-03-23T13:06:40 IST" duration-ms="4538" status="PASS">
          <reporter-output>
          </reporter-output>
        </test-method> <!-- negativeusername -->
        <test-method is-config="true" signature="treardown()[pri:0, instance:testCases.TC002_NegativeUserNameTest@34c01041]" started-at="2025-03-23T13:06:40 IST" name="treardown" finished-at="2025-03-23T13:06:40 IST" duration-ms="151" status="PASS">
          <reporter-output>
          </reporter-output>
        </test-method> <!-- treardown -->
      </class> <!-- testCases.TC002_NegativeUserNameTest -->
      <class name="testCases.TC005_ElementNotInteractableExceptionTest">
        <test-method is-config="true" signature="setup(java.lang.String,java.lang.String)[pri:0, instance:testCases.TC005_ElementNotInteractableExceptionTest@36328d33]" started-at="2025-03-23T13:07:00 IST" name="setup" finished-at="2025-03-23T13:07:04 IST" duration-ms="3877" status="PASS">
          <params>
            <param index="0">
              <value>
                <![CDATA[window]]>
              </value>
            </param>
            <param index="1">
              <value>
                <![CDATA[chrome]]>
              </value>
            </param>
          </params>
          <reporter-output>
          </reporter-output>
        </test-method> <!-- setup -->
        <test-method signature="ElementNotInteractableExceptionTest()[pri:0, instance:testCases.TC005_ElementNotInteractableExceptionTest@36328d33]" started-at="2025-03-23T13:07:04 IST" name="ElementNotInteractableExceptionTest" finished-at="2025-03-23T13:07:10 IST" duration-ms="6097" status="FAIL">
          <exception class="org.openqa.selenium.NoSuchElementException">
            <message>
              <![CDATA[no such element: Unable to locate element: {"method":"xpath","selector":"//div[@id='row2']//input[@class='input-field']"}
  (Session info: chrome=134.0.6998.118)
For documentation on this error, please visit: https://www.selenium.dev/documentation/webdriver/troubleshooting/errors#no-such-element-exception
Build info: version: '4.28.1', revision: '73f5ad48a2'
System info: os.name: 'Windows 10', os.arch: 'amd64', os.version: '10.0', java.version: '23.0.1'
Driver info: org.openqa.selenium.chrome.ChromeDriver
Command: [f2de27a39d2b69894a542b90a424526d, findElement {value=//div[@id='row2']//input[@class='input-field'], using=xpath}]
Capabilities {acceptInsecureCerts: false, browserName: chrome, browserVersion: 134.0.6998.118, chrome: {chromedriverVersion: 134.0.6998.165 (fd886e2cb29..., userDataDir: C:\Users\hp\AppData\Local\T...}, fedcm:accounts: true, goog:chromeOptions: {debuggerAddress: localhost:49900}, networkConnectionEnabled: false, pageLoadStrategy: normal, platformName: windows, proxy: Proxy(), se:cdp: ws://localhost:49900/devtoo..., se:cdpVersion: 134.0.6998.118, setWindowRect: true, strictFileInteractability: false, timeouts: {implicit: 0, pageLoad: 300000, script: 30000}, unhandledPromptBehavior: dismiss and notify, webauthn:extension:credBlob: true, webauthn:extension:largeBlob: true, webauthn:extension:minPinLength: true, webauthn:extension:prf: true, webauthn:virtualAuthenticators: true}
Session ID: f2de27a39d2b69894a542b90a424526d]]>
            </message>
            <full-stacktrace>
              <![CDATA[org.openqa.selenium.NoSuchElementException: no such element: Unable to locate element: {"method":"xpath","selector":"//div[@id='row2']//input[@class='input-field']"}
  (Session info: chrome=134.0.6998.118)
For documentation on this error, please visit: https://www.selenium.dev/documentation/webdriver/troubleshooting/errors#no-such-element-exception
Build info: version: '4.28.1', revision: '73f5ad48a2'
System info: os.name: 'Windows 10', os.arch: 'amd64', os.version: '10.0', java.version: '23.0.1'
Driver info: org.openqa.selenium.chrome.ChromeDriver
Command: [f2de27a39d2b69894a542b90a424526d, findElement {value=//div[@id='row2']//input[@class='input-field'], using=xpath}]
Capabilities {acceptInsecureCerts: false, browserName: chrome, browserVersion: 134.0.6998.118, chrome: {chromedriverVersion: 134.0.6998.165 (fd886e2cb29..., userDataDir: C:\Users\hp\AppData\Local\T...}, fedcm:accounts: true, goog:chromeOptions: {debuggerAddress: localhost:49900}, networkConnectionEnabled: false, pageLoadStrategy: normal, platformName: windows, proxy: Proxy(), se:cdp: ws://localhost:49900/devtoo..., se:cdpVersion: 134.0.6998.118, setWindowRect: true, strictFileInteractability: false, timeouts: {implicit: 0, pageLoad: 300000, script: 30000}, unhandledPromptBehavior: dismiss and notify, webauthn:extension:credBlob: true, webauthn:extension:largeBlob: true, webauthn:extension:minPinLength: true, webauthn:extension:prf: true, webauthn:virtualAuthenticators: true}
Session ID: f2de27a39d2b69894a542b90a424526d
at java.base/jdk.internal.reflect.DirectConstructorHandleAccessor.newInstance(DirectConstructorHandleAccessor.java:62)
at java.base/java.lang.reflect.Constructor.newInstanceWithCaller(Constructor.java:501)
at java.base/java.lang.reflect.Constructor.newInstance(Constructor.java:485)
at org.openqa.selenium.remote.ErrorCodec.decode(ErrorCodec.java:167)
at org.openqa.selenium.remote.codec.w3c.W3CHttpResponseCodec.decode(W3CHttpResponseCodec.java:138)
at org.openqa.selenium.remote.codec.w3c.W3CHttpResponseCodec.decode(W3CHttpResponseCodec.java:50)
at org.openqa.selenium.remote.HttpCommandExecutor.execute(HttpCommandExecutor.java:215)
at org.openqa.selenium.remote.service.DriverCommandExecutor.invokeExecute(DriverCommandExecutor.java:216)
at org.openqa.selenium.remote.service.DriverCommandExecutor.execute(DriverCommandExecutor.java:174)
at org.openqa.selenium.remote.RemoteWebDriver.execute(RemoteWebDriver.java:545)
at org.openqa.selenium.remote.ElementLocation$ElementFinder$2.findElement(ElementLocation.java:165)
at org.openqa.selenium.remote.ElementLocation.findElement(ElementLocation.java:59)
at org.openqa.selenium.remote.RemoteWebDriver.findElement(RemoteWebDriver.java:368)
at org.openqa.selenium.remote.RemoteWebDriver.findElement(RemoteWebDriver.java:362)
at org.openqa.selenium.support.pagefactory.DefaultElementLocator.findElement(DefaultElementLocator.java:68)
at org.openqa.selenium.support.pagefactory.internal.LocatingElementHandler.invoke(LocatingElementHandler.java:38)
at jdk.proxy2/jdk.proxy2.$Proxy27.sendKeys(Unknown Source)
at pageObject.TestExceptionPage.input2sendkeys(TestExceptionPage.java:52)
at testCases.TC005_ElementNotInteractableExceptionTest.ElementNotInteractableExceptionTest(TC005_ElementNotInteractableExceptionTest.java:27)
at java.base/jdk.internal.reflect.DirectMethodHandleAccessor.invoke(DirectMethodHandleAccessor.java:103)
at java.base/java.lang.reflect.Method.invoke(Method.java:580)
at org.testng.internal.invokers.MethodInvocationHelper.invokeMethod(MethodInvocationHelper.java:141)
at org.testng.internal.invokers.TestInvoker.invokeMethod(TestInvoker.java:686)
at org.testng.internal.invokers.TestInvoker.invokeTestMethod(TestInvoker.java:230)
at org.testng.internal.invokers.MethodRunner.runInSequence(MethodRunner.java:63)
at org.testng.internal.invokers.TestInvoker$MethodInvocationAgent.invoke(TestInvoker.java:992)
at org.testng.internal.invokers.TestInvoker.invokeTestMethods(TestInvoker.java:203)
at org.testng.internal.invokers.TestMethodWorker.invokeTestMethods(TestMethodWorker.java:154)
at org.testng.internal.invokers.TestMethodWorker.run(TestMethodWorker.java:134)
at java.base/java.util.ArrayList.forEach(ArrayList.java:1597)
at org.testng.TestRunner.privateRun(TestRunner.java:739)
at org.testng.TestRunner.run(TestRunner.java:614)
at org.testng.SuiteRunner.runTest(SuiteRunner.java:421)
at org.testng.SuiteRunner.runSequentially(SuiteRunner.java:413)
at org.testng.SuiteRunner.privateRun(SuiteRunner.java:373)
at org.testng.SuiteRunner.run(SuiteRunner.java:312)
at org.testng.SuiteRunnerWorker.runSuite(SuiteRunnerWorker.java:52)
at org.testng.SuiteRunnerWorker.run(SuiteRunnerWorker.java:95)
at org.testng.TestNG.runSuitesSequentially(TestNG.java:1274)
at org.testng.TestNG.runSuitesLocally(TestNG.java:1208)
at org.testng.TestNG.runSuites(TestNG.java:1112)
at org.testng.TestNG.run(TestNG.java:1079)
at org.apache.maven.surefire.testng.TestNGExecutor.run(TestNGExecutor.java:308)
at org.apache.maven.surefire.testng.TestNGXmlTestSuite.execute(TestNGXmlTestSuite.java:71)
at org.apache.maven.surefire.testng.TestNGProvider.invoke(TestNGProvider.java:113)
at org.apache.maven.surefire.booter.ForkedBooter.runSuitesInProcess(ForkedBooter.java:385)
at org.apache.maven.surefire.booter.ForkedBooter.execute(ForkedBooter.java:162)
at org.apache.maven.surefire.booter.ForkedBooter.run(ForkedBooter.java:507)
at org.apache.maven.surefire.booter.ForkedBooter.main(ForkedBooter.java:495)
]]>
            </full-stacktrace>
          </exception> <!-- org.openqa.selenium.NoSuchElementException -->
          <reporter-output>
          </reporter-output>
        </test-method> <!-- ElementNotInteractableExceptionTest -->
        <test-method is-config="true" signature="treardown()[pri:0, instance:testCases.TC005_ElementNotInteractableExceptionTest@36328d33]" started-at="2025-03-23T13:07:10 IST" name="treardown" finished-at="2025-03-23T13:07:10 IST" duration-ms="175" status="PASS">
          <reporter-output>
          </reporter-output>
        </test-method> <!-- treardown -->
      </class> <!-- testCases.TC005_ElementNotInteractableExceptionTest -->
      <class name="testCases.TC010_ContactFormTest">
        <test-method is-config="true" signature="setup(java.lang.String,java.lang.String)[pri:0, instance:testCases.TC010_ContactFormTest@524f3b3a]" started-at="2025-03-23T13:07:59 IST" name="setup" finished-at="2025-03-23T13:08:04 IST" duration-ms="4738" status="PASS">
          <params>
            <param index="0">
              <value>
                <![CDATA[window]]>
              </value>
            </param>
            <param index="1">
              <value>
                <![CDATA[chrome]]>
              </value>
            </param>
          </params>
          <reporter-output>
          </reporter-output>
        </test-method> <!-- setup -->
        <test-method signature="contactform()[pri:0, instance:testCases.TC010_ContactFormTest@524f3b3a]" started-at="2025-03-23T13:08:04 IST" name="contactform" finished-at="2025-03-23T13:08:25 IST" duration-ms="20978" status="FAIL">
          <exception class="org.openqa.selenium.ElementClickInterceptedException">
            <message>
              <![CDATA[element click intercepted: Element <button type="submit" name="wpforms[submit]" id="wpforms-submit-161" class="wpforms-submit" data-alt-text="Sending..." data-submit-text="..." aria-live="assertive" value="wpforms-submit">Submit</button> is not clickable at point (640, 635). Other element would receive the click: <div style="width: 100%; height: 100%; position: fixed; top: 0px; left: 0px; z-index: 2000000000; background-color: rgb(255, 255, 255); opacity: 0.05;"></div>
  (Session info: chrome=134.0.6998.118)
Build info: version: '4.28.1', revision: '73f5ad48a2'
System info: os.name: 'Windows 10', os.arch: 'amd64', os.version: '10.0', java.version: '23.0.1'
Driver info: org.openqa.selenium.chrome.ChromeDriver
Command: [3370578b8b83cd3442a20cf501b5e92d, clickElement {id=f.F73A10F525B2E0908BD8ECD515C09A3F.d.D5E945002B78C05016B58B7C5371BD15.e.52}]
Capabilities {acceptInsecureCerts: false, browserName: chrome, browserVersion: 134.0.6998.118, chrome: {chromedriverVersion: 134.0.6998.165 (fd886e2cb29..., userDataDir: C:\Users\hp\AppData\Local\T...}, fedcm:accounts: true, goog:chromeOptions: {debuggerAddress: localhost:50097}, networkConnectionEnabled: false, pageLoadStrategy: normal, platformName: windows, proxy: Proxy(), se:cdp: ws://localhost:50097/devtoo..., se:cdpVersion: 134.0.6998.118, setWindowRect: true, strictFileInteractability: false, timeouts: {implicit: 0, pageLoad: 300000, script: 30000}, unhandledPromptBehavior: dismiss and notify, webauthn:extension:credBlob: true, webauthn:extension:largeBlob: true, webauthn:extension:minPinLength: true, webauthn:extension:prf: true, webauthn:virtualAuthenticators: true}
Element: [[ChromeDriver: chrome on windows (3370578b8b83cd3442a20cf501b5e92d)] -> xpath: //button[@type='submit']]
Session ID: 3370578b8b83cd3442a20cf501b5e92d]]>
            </message>
            <full-stacktrace>
              <![CDATA[org.openqa.selenium.ElementClickInterceptedException: element click intercepted: Element <button type="submit" name="wpforms[submit]" id="wpforms-submit-161" class="wpforms-submit" data-alt-text="Sending..." data-submit-text="..." aria-live="assertive" value="wpforms-submit">Submit</button> is not clickable at point (640, 635). Other element would receive the click: <div style="width: 100%; height: 100%; position: fixed; top: 0px; left: 0px; z-index: 2000000000; background-color: rgb(255, 255, 255); opacity: 0.05;"></div>
  (Session info: chrome=134.0.6998.118)
Build info: version: '4.28.1', revision: '73f5ad48a2'
System info: os.name: 'Windows 10', os.arch: 'amd64', os.version: '10.0', java.version: '23.0.1'
Driver info: org.openqa.selenium.chrome.ChromeDriver
Command: [3370578b8b83cd3442a20cf501b5e92d, clickElement {id=f.F73A10F525B2E0908BD8ECD515C09A3F.d.D5E945002B78C05016B58B7C5371BD15.e.52}]
Capabilities {acceptInsecureCerts: false, browserName: chrome, browserVersion: 134.0.6998.118, chrome: {chromedriverVersion: 134.0.6998.165 (fd886e2cb29..., userDataDir: C:\Users\hp\AppData\Local\T...}, fedcm:accounts: true, goog:chromeOptions: {debuggerAddress: localhost:50097}, networkConnectionEnabled: false, pageLoadStrategy: normal, platformName: windows, proxy: Proxy(), se:cdp: ws://localhost:50097/devtoo..., se:cdpVersion: 134.0.6998.118, setWindowRect: true, strictFileInteractability: false, timeouts: {implicit: 0, pageLoad: 300000, script: 30000}, unhandledPromptBehavior: dismiss and notify, webauthn:extension:credBlob: true, webauthn:extension:largeBlob: true, webauthn:extension:minPinLength: true, webauthn:extension:prf: true, webauthn:virtualAuthenticators: true}
Element: [[ChromeDriver: chrome on windows (3370578b8b83cd3442a20cf501b5e92d)] -> xpath: //button[@type='submit']]
Session ID: 3370578b8b83cd3442a20cf501b5e92d
at java.base/jdk.internal.reflect.DirectConstructorHandleAccessor.newInstance(DirectConstructorHandleAccessor.java:62)
at java.base/java.lang.reflect.Constructor.newInstanceWithCaller(Constructor.java:501)
at java.base/java.lang.reflect.Constructor.newInstance(Constructor.java:485)
at org.openqa.selenium.remote.ErrorCodec.decode(ErrorCodec.java:167)
at org.openqa.selenium.remote.codec.w3c.W3CHttpResponseCodec.decode(W3CHttpResponseCodec.java:138)
at org.openqa.selenium.remote.codec.w3c.W3CHttpResponseCodec.decode(W3CHttpResponseCodec.java:50)
at org.openqa.selenium.remote.HttpCommandExecutor.execute(HttpCommandExecutor.java:215)
at org.openqa.selenium.remote.service.DriverCommandExecutor.invokeExecute(DriverCommandExecutor.java:216)
at org.openqa.selenium.remote.service.DriverCommandExecutor.execute(DriverCommandExecutor.java:174)
at org.openqa.selenium.remote.RemoteWebDriver.execute(RemoteWebDriver.java:545)
at org.openqa.selenium.remote.RemoteWebElement.execute(RemoteWebElement.java:223)
at org.openqa.selenium.remote.RemoteWebElement.click(RemoteWebElement.java:76)
at java.base/jdk.internal.reflect.DirectMethodHandleAccessor.invoke(DirectMethodHandleAccessor.java:103)
at java.base/java.lang.reflect.Method.invoke(Method.java:580)
at org.openqa.selenium.support.pagefactory.internal.LocatingElementHandler.invoke(LocatingElementHandler.java:51)
at jdk.proxy2/jdk.proxy2.$Proxy27.click(Unknown Source)
at pageObject.ContactPage.clicksubmit(ContactPage.java:70)
at testCases.TC010_ContactFormTest.contactform(TC010_ContactFormTest.java:29)
at java.base/jdk.internal.reflect.DirectMethodHandleAccessor.invoke(DirectMethodHandleAccessor.java:103)
at java.base/java.lang.reflect.Method.invoke(Method.java:580)
at org.testng.internal.invokers.MethodInvocationHelper.invokeMethod(MethodInvocationHelper.java:141)
at org.testng.internal.invokers.TestInvoker.invokeMethod(TestInvoker.java:686)
at org.testng.internal.invokers.TestInvoker.invokeTestMethod(TestInvoker.java:230)
at org.testng.internal.invokers.MethodRunner.runInSequence(MethodRunner.java:63)
at org.testng.internal.invokers.TestInvoker$MethodInvocationAgent.invoke(TestInvoker.java:992)
at org.testng.internal.invokers.TestInvoker.invokeTestMethods(TestInvoker.java:203)
at org.testng.internal.invokers.TestMethodWorker.invokeTestMethods(TestMethodWorker.java:154)
at org.testng.internal.invokers.TestMethodWorker.run(TestMethodWorker.java:134)
at java.base/java.util.ArrayList.forEach(ArrayList.java:1597)
at org.testng.TestRunner.privateRun(TestRunner.java:739)
at org.testng.TestRunner.run(TestRunner.java:614)
at org.testng.SuiteRunner.runTest(SuiteRunner.java:421)
at org.testng.SuiteRunner.runSequentially(SuiteRunner.java:413)
at org.testng.SuiteRunner.privateRun(SuiteRunner.java:373)
at org.testng.SuiteRunner.run(SuiteRunner.java:312)
at org.testng.SuiteRunnerWorker.runSuite(SuiteRunnerWorker.java:52)
at org.testng.SuiteRunnerWorker.run(SuiteRunnerWorker.java:95)
at org.testng.TestNG.runSuitesSequentially(TestNG.java:1274)
at org.testng.TestNG.runSuitesLocally(TestNG.java:1208)
at org.testng.TestNG.runSuites(TestNG.java:1112)
at org.testng.TestNG.run(TestNG.java:1079)
at org.apache.maven.surefire.testng.TestNGExecutor.run(TestNGExecutor.java:308)
at org.apache.maven.surefire.testng.TestNGXmlTestSuite.execute(TestNGXmlTestSuite.java:71)
at org.apache.maven.surefire.testng.TestNGProvider.invoke(TestNGProvider.java:113)
at org.apache.maven.surefire.booter.ForkedBooter.runSuitesInProcess(ForkedBooter.java:385)
at org.apache.maven.surefire.booter.ForkedBooter.execute(ForkedBooter.java:162)
at org.apache.maven.surefire.booter.ForkedBooter.run(ForkedBooter.java:507)
at org.apache.maven.surefire.booter.ForkedBooter.main(ForkedBooter.java:495)
]]>
            </full-stacktrace>
          </exception> <!-- org.openqa.selenium.ElementClickInterceptedException -->
          <reporter-output>
          </reporter-output>
        </test-method> <!-- contactform -->
        <test-method is-config="true" signature="treardown()[pri:0, instance:testCases.TC010_ContactFormTest@524f3b3a]" started-at="2025-03-23T13:08:25 IST" name="treardown" finished-at="2025-03-23T13:08:25 IST" duration-ms="217" status="PASS">
          <reporter-output>
          </reporter-output>
        </test-method> <!-- treardown -->
      </class> <!-- testCases.TC010_ContactFormTest -->
      <class name="testCases.TC004_NoSuchElementExceptionTest">
        <test-method is-config="true" signature="setup(java.lang.String,java.lang.String)[pri:0, instance:testCases.TC004_NoSuchElementExceptionTest@c94fd30]" started-at="2025-03-23T13:06:47 IST" name="setup" finished-at="2025-03-23T13:06:52 IST" duration-ms="5210" status="PASS">
          <params>
            <param index="0">
              <value>
                <![CDATA[window]]>
              </value>
            </param>
            <param index="1">
              <value>
                <![CDATA[chrome]]>
              </value>
            </param>
          </params>
          <reporter-output>
          </reporter-output>
        </test-method> <!-- setup -->
        <test-method signature="verifyrow2input()[pri:0, instance:testCases.TC004_NoSuchElementExceptionTest@c94fd30]" started-at="2025-03-23T13:06:52 IST" name="verifyrow2input" finished-at="2025-03-23T13:07:00 IST" duration-ms="7422" status="PASS">
          <reporter-output>
          </reporter-output>
        </test-method> <!-- verifyrow2input -->
        <test-method is-config="true" signature="treardown()[pri:0, instance:testCases.TC004_NoSuchElementExceptionTest@c94fd30]" started-at="2025-03-23T13:07:00 IST" name="treardown" finished-at="2025-03-23T13:07:00 IST" duration-ms="253" status="PASS">
          <reporter-output>
          </reporter-output>
        </test-method> <!-- treardown -->
      </class> <!-- testCases.TC004_NoSuchElementExceptionTest -->
      <class name="testCases.TC009_LoginDDTest">
        <test-method is-config="true" signature="setup(java.lang.String,java.lang.String)[pri:0, instance:testCases.TC009_LoginDDTest@76a2ddf3]" started-at="2025-03-23T13:07:45 IST" name="setup" finished-at="2025-03-23T13:07:51 IST" duration-ms="6197" status="PASS">
          <params>
            <param index="0">
              <value>
                <![CDATA[window]]>
              </value>
            </param>
            <param index="1">
              <value>
                <![CDATA[chrome]]>
              </value>
            </param>
          </params>
          <reporter-output>
          </reporter-output>
        </test-method> <!-- setup -->
        <test-method signature="dtdlogin(java.lang.String,java.lang.String,java.lang.String)[pri:0, instance:testCases.TC009_LoginDDTest@76a2ddf3]" started-at="2025-03-23T13:07:52 IST" name="dtdlogin" data-provider="LoginData" finished-at="2025-03-23T13:07:54 IST" duration-ms="1833" status="PASS">
          <params>
            <param index="0">
              <value>
                <![CDATA[std]]>
              </value>
            </param>
            <param index="1">
              <value>
                <![CDATA[]]>
              </value>
            </param>
            <param index="2">
              <value>
                <![CDATA[Invalid]]>
              </value>
            </param>
          </params>
          <reporter-output>
          </reporter-output>
        </test-method> <!-- dtdlogin -->
        <test-method signature="dtdlogin(java.lang.String,java.lang.String,java.lang.String)[pri:0, instance:testCases.TC009_LoginDDTest@76a2ddf3]" started-at="2025-03-23T13:07:54 IST" name="dtdlogin" data-provider="LoginData" finished-at="2025-03-23T13:07:56 IST" duration-ms="1724" status="PASS">
          <params>
            <param index="0">
              <value>
                <![CDATA[student]]>
              </value>
            </param>
            <param index="1">
              <value>
                <![CDATA[Password123]]>
              </value>
            </param>
            <param index="2">
              <value>
                <![CDATA[Valid]]>
              </value>
            </param>
          </params>
          <reporter-output>
          </reporter-output>
        </test-method> <!-- dtdlogin -->
        <test-method signature="dtdlogin(java.lang.String,java.lang.String,java.lang.String)[pri:0, instance:testCases.TC009_LoginDDTest@76a2ddf3]" started-at="2025-03-23T13:07:56 IST" name="dtdlogin" data-provider="LoginData" finished-at="2025-03-23T13:07:57 IST" duration-ms="1243" status="PASS">
          <params>
            <param index="0">
              <value>
                <![CDATA[abc]]>
              </value>
            </param>
            <param index="1">
              <value>
                <![CDATA[Password123]]>
              </value>
            </param>
            <param index="2">
              <value>
                <![CDATA[Invalid]]>
              </value>
            </param>
          </params>
          <reporter-output>
          </reporter-output>
        </test-method> <!-- dtdlogin -->
        <test-method signature="dtdlogin(java.lang.String,java.lang.String,java.lang.String)[pri:0, instance:testCases.TC009_LoginDDTest@76a2ddf3]" started-at="2025-03-23T13:07:57 IST" name="dtdlogin" data-provider="LoginData" finished-at="2025-03-23T13:07:58 IST" duration-ms="584" status="PASS">
          <params>
            <param index="0">
              <value>
                <![CDATA[student]]>
              </value>
            </param>
            <param index="1">
              <value>
                <![CDATA[xyz123]]>
              </value>
            </param>
            <param index="2">
              <value>
                <![CDATA[Invalid]]>
              </value>
            </param>
          </params>
          <reporter-output>
          </reporter-output>
        </test-method> <!-- dtdlogin -->
        <test-method signature="dtdlogin(java.lang.String,java.lang.String,java.lang.String)[pri:0, instance:testCases.TC009_LoginDDTest@76a2ddf3]" started-at="2025-03-23T13:07:58 IST" name="dtdlogin" data-provider="LoginData" finished-at="2025-03-23T13:07:58 IST" duration-ms="580" status="PASS">
          <params>
            <param index="0">
              <value>
                <![CDATA[]]>
              </value>
            </param>
            <param index="1">
              <value>
                <![CDATA[pqr1]]>
              </value>
            </param>
            <param index="2">
              <value>
                <![CDATA[Invalid]]>
              </value>
            </param>
          </params>
          <reporter-output>
          </reporter-output>
        </test-method> <!-- dtdlogin -->
        <test-method signature="dtdlogin(java.lang.String,java.lang.String,java.lang.String)[pri:0, instance:testCases.TC009_LoginDDTest@76a2ddf3]" started-at="2025-03-23T13:07:58 IST" name="dtdlogin" data-provider="LoginData" finished-at="2025-03-23T13:07:59 IST" duration-ms="720" status="PASS">
          <params>
            <param index="0">
              <value>
                <![CDATA[prq]]>
              </value>
            </param>
            <param index="1">
              <value>
                <![CDATA[]]>
              </value>
            </param>
            <param index="2">
              <value>
                <![CDATA[Invalid]]>
              </value>
            </param>
          </params>
          <reporter-output>
          </reporter-output>
        </test-method> <!-- dtdlogin -->
        <test-method is-config="true" signature="treardown()[pri:0, instance:testCases.TC009_LoginDDTest@76a2ddf3]" started-at="2025-03-23T13:07:59 IST" name="treardown" finished-at="2025-03-23T13:07:59 IST" duration-ms="173" status="PASS">
          <reporter-output>
          </reporter-output>
        </test-method> <!-- treardown -->
      </class> <!-- testCases.TC009_LoginDDTest -->
      <class name="testCases.TC006_InvalidElementStateExceptionTest">
        <test-method is-config="true" signature="setup(java.lang.String,java.lang.String)[pri:0, instance:testCases.TC006_InvalidElementStateExceptionTest@2c4d1ac]" started-at="2025-03-23T13:07:10 IST" name="setup" finished-at="2025-03-23T13:07:16 IST" duration-ms="5400" status="PASS">
          <params>
            <param index="0">
              <value>
                <![CDATA[window]]>
              </value>
            </param>
            <param index="1">
              <value>
                <![CDATA[chrome]]>
              </value>
            </param>
          </params>
          <reporter-output>
          </reporter-output>
        </test-method> <!-- setup -->
        <test-method signature="disabledinput()[pri:0, instance:testCases.TC006_InvalidElementStateExceptionTest@2c4d1ac]" started-at="2025-03-23T13:07:16 IST" name="disabledinput" finished-at="2025-03-23T13:07:19 IST" duration-ms="3377" status="PASS">
          <reporter-output>
          </reporter-output>
        </test-method> <!-- disabledinput -->
        <test-method is-config="true" signature="treardown()[pri:0, instance:testCases.TC006_InvalidElementStateExceptionTest@2c4d1ac]" started-at="2025-03-23T13:07:19 IST" name="treardown" finished-at="2025-03-23T13:07:19 IST" duration-ms="172" status="PASS">
          <reporter-output>
          </reporter-output>
        </test-method> <!-- treardown -->
      </class> <!-- testCases.TC006_InvalidElementStateExceptionTest -->
      <class name="testCases.TC003_NegativePasswordTest">
        <test-method is-config="true" signature="setup(java.lang.String,java.lang.String)[pri:0, instance:testCases.TC003_NegativePasswordTest@76f4b65]" started-at="2025-03-23T13:06:40 IST" name="setup" finished-at="2025-03-23T13:06:45 IST" duration-ms="5458" status="PASS">
          <params>
            <param index="0">
              <value>
                <![CDATA[window]]>
              </value>
            </param>
            <param index="1">
              <value>
                <![CDATA[chrome]]>
              </value>
            </param>
          </params>
          <reporter-output>
          </reporter-output>
        </test-method> <!-- setup -->
        <test-method signature="negativepassword()[pri:0, instance:testCases.TC003_NegativePasswordTest@76f4b65]" started-at="2025-03-23T13:06:45 IST" name="negativepassword" finished-at="2025-03-23T13:06:47 IST" duration-ms="1642" status="PASS">
          <reporter-output>
          </reporter-output>
        </test-method> <!-- negativepassword -->
        <test-method is-config="true" signature="treardown()[pri:0, instance:testCases.TC003_NegativePasswordTest@76f4b65]" started-at="2025-03-23T13:06:47 IST" name="treardown" finished-at="2025-03-23T13:06:47 IST" duration-ms="152" status="PASS">
          <reporter-output>
          </reporter-output>
        </test-method> <!-- treardown -->
      </class> <!-- testCases.TC003_NegativePasswordTest -->
      <class name="testCases.TC007_StaleElementReferenceExceptionTest">
        <test-method is-config="true" signature="setup(java.lang.String,java.lang.String)[pri:0, instance:testCases.TC007_StaleElementReferenceExceptionTest@7f0d96f2]" started-at="2025-03-23T13:07:19 IST" name="setup" finished-at="2025-03-23T13:07:24 IST" duration-ms="4989" status="PASS">
          <params>
            <param index="0">
              <value>
                <![CDATA[window]]>
              </value>
            </param>
            <param index="1">
              <value>
                <![CDATA[chrome]]>
              </value>
            </param>
          </params>
          <reporter-output>
          </reporter-output>
        </test-method> <!-- setup -->
        <test-method signature="verifyinstuctiondisremoved()[pri:0, instance:testCases.TC007_StaleElementReferenceExceptionTest@7f0d96f2]" started-at="2025-03-23T13:07:24 IST" name="verifyinstuctiondisremoved" finished-at="2025-03-23T13:07:31 IST" duration-ms="7150" status="PASS">
          <reporter-output>
          </reporter-output>
        </test-method> <!-- verifyinstuctiondisremoved -->
        <test-method is-config="true" signature="treardown()[pri:0, instance:testCases.TC007_StaleElementReferenceExceptionTest@7f0d96f2]" started-at="2025-03-23T13:07:31 IST" name="treardown" finished-at="2025-03-23T13:07:33 IST" duration-ms="1711" status="PASS">
          <reporter-output>
          </reporter-output>
        </test-method> <!-- treardown -->
      </class> <!-- testCases.TC007_StaleElementReferenceExceptionTest -->
      <class name="testCases.TC008_TimeoutExceptionTest">
        <test-method is-config="true" signature="setup(java.lang.String,java.lang.String)[pri:0, instance:testCases.TC008_TimeoutExceptionTest@545b995e]" started-at="2025-03-23T13:07:33 IST" name="setup" finished-at="2025-03-23T13:07:38 IST" duration-ms="5264" status="PASS">
          <params>
            <param index="0">
              <value>
                <![CDATA[window]]>
              </value>
            </param>
            <param index="1">
              <value>
                <![CDATA[chrome]]>
              </value>
            </param>
          </params>
          <reporter-output>
          </reporter-output>
        </test-method> <!-- setup -->
        <test-method signature="verifysecondinputDisplayed()[pri:0, instance:testCases.TC008_TimeoutExceptionTest@545b995e]" started-at="2025-03-23T13:07:38 IST" name="verifysecondinputDisplayed" finished-at="2025-03-23T13:07:45 IST" duration-ms="6163" status="PASS">
          <reporter-output>
          </reporter-output>
        </test-method> <!-- verifysecondinputDisplayed -->
        <test-method is-config="true" signature="treardown()[pri:0, instance:testCases.TC008_TimeoutExceptionTest@545b995e]" started-at="2025-03-23T13:07:45 IST" name="treardown" finished-at="2025-03-23T13:07:45 IST" duration-ms="149" status="PASS">
          <reporter-output>
          </reporter-output>
        </test-method> <!-- treardown -->
      </class> <!-- testCases.TC008_TimeoutExceptionTest -->
    </test> <!-- Testchrome -->
  </suite> <!-- Suite -->
</testng-results>
